<?xml version="1.0" encoding="UTF-8"?>
<!-- Generated by org.testng.reporters.JUnitXMLReporter -->
<testsuite hostname="DESKTOP-9QC49C6" ignored="0" name="Default test" tests="5" failures="0" timestamp="2020-02-28T11:23:27 IST" time="0.097" errors="0">
  <testcase name="startACar" time="0.019" classname="testtNG.priorityExample"/>
  <testcase name="putFirstGear" time="0.002" classname="testtNG.priorityExample"/>
  <testcase name="putSecondGear" time="0.002" classname="testtNG.priorityExample"/>
  <testcase name="putThirdGear" time="0.002" classname="testtNG.priorityExample"/>
  <testcase name="putFourthGear" time="0.002" classname="testtNG.priorityExample"/>
</testsuite> <!-- Default test -->
