<?xml version="1.0" encoding="UTF-8"?>
<!-- Generated by org.testng.reporters.JUnitXMLReporter -->
<testsuite hostname="DESKTOP-9QC49C6" ignored="0" name="Default test" tests="4" failures="0" timestamp="2020-02-05T11:41:10 IST" time="14.891" errors="0">
  <testcase name="loginTestCase" time="1.439" classname="loginTestCases.usingDatadriven"/>
  <testcase name="loginTestCase" time="0.7" classname="loginTestCases.usingDatadriven"/>
  <testcase name="loginTestCase" time="0.952" classname="loginTestCases.usingDatadriven"/>
  <testcase name="loginTestCase" time="0.722" classname="loginTestCases.usingDatadriven"/>
</testsuite> <!-- Default test -->
